app/build/intermediates/manifest_merge_blame_file/release/manifest-merger-blame-release-report.txt
1<?xml version="1.0" encoding="utf-8"?>
2<manifest xmlns:android="http://schemas.android.com/apk/res/android"
3    package="com.example.mvvmexample"
4    android:versionCode="1"
5    android:versionName="1.0" >
6
7    <uses-sdk
8        android:minSdkVersion="21"
8-->src\main\AndroidManifest.xml
9        android:targetSdkVersion="32" />
9-->src\main\AndroidManifest.xml
10
11    <uses-feature
11-->src\main\AndroidManifest.xml:5:5-7:36
12        android:name="android.hardware.telephony"
12-->src\main\AndroidManifest.xml:6:9-50
13        android:required="false" />
13-->src\main\AndroidManifest.xml:7:9-33
14
15    <uses-permission android:name="android.permission.INTERNET" />
15-->src\main\AndroidManifest.xml:9:5-67
15-->src\main\AndroidManifest.xml:9:22-64
16    <uses-permission android:name="android.permission.SYSTEM_ALERT_WINDOW" />
16-->src\main\AndroidManifest.xml:10:5-78
16-->src\main\AndroidManifest.xml:10:22-75
17    <uses-permission android:name="android.permission.SYSTEM_ALERT_WINDOW" />
17-->src\main\AndroidManifest.xml:10:5-78
17-->src\main\AndroidManifest.xml:10:22-75
18
19    <!-- Include required permissions for Google Maps API to run. -->
20    <uses-permission android:name="android.permission.ACCESS_NETWORK_STATE" />
20-->[com.google.android.gms:play-services-maps:18.1.0] AndroidManifest.xml:23:5-79
20-->[com.google.android.gms:play-services-maps:18.1.0] AndroidManifest.xml:23:22-76
21
22    <uses-feature
22-->[com.google.android.gms:play-services-maps:18.1.0] AndroidManifest.xml:26:5-28:35
23        android:glEsVersion="0x00020000"
23-->[com.google.android.gms:play-services-maps:18.1.0] AndroidManifest.xml:27:9-41
24        android:required="true" />
24-->[com.google.android.gms:play-services-maps:18.1.0] AndroidManifest.xml:28:9-32
25
26    <queries>
26-->[com.google.android.gms:play-services-maps:18.1.0] AndroidManifest.xml:30:5-34:15
27
28        <!-- Needs to be explicitly declared on Android R+ -->
29        <package android:name="com.google.android.apps.maps" />
29-->[com.google.android.gms:play-services-maps:18.1.0] AndroidManifest.xml:33:9-64
29-->[com.google.android.gms:play-services-maps:18.1.0] AndroidManifest.xml:33:18-61
30    </queries>
31
32    <application
32-->src\main\AndroidManifest.xml:14:5-30:19
33        android:allowBackup="true"
33-->src\main\AndroidManifest.xml:15:9-35
34        android:appComponentFactory="androidx.core.app.CoreComponentFactory"
34-->[androidx.core:core:1.8.0] AndroidManifest.xml:24:18-86
35        android:debuggable="true"
36        android:icon="@mipmap/ic_launcher"
36-->src\main\AndroidManifest.xml:16:9-43
37        android:label="@string/app_name"
37-->src\main\AndroidManifest.xml:17:9-41
38        android:roundIcon="@mipmap/ic_launcher_round"
38-->src\main\AndroidManifest.xml:18:9-54
39        android:supportsRtl="true"
39-->src\main\AndroidManifest.xml:19:9-35
40        android:theme="@style/Theme.MVVMExample" >
40-->src\main\AndroidManifest.xml:20:9-49
41        <activity
41-->src\main\AndroidManifest.xml:21:9-29:20
42            android:name="com.example.mvvmexample.MainActivity"
42-->src\main\AndroidManifest.xml:22:13-41
43            android:exported="true" >
43-->src\main\AndroidManifest.xml:23:13-36
44            <intent-filter>
44-->src\main\AndroidManifest.xml:24:13-28:29
45                <action android:name="android.intent.action.MAIN" />
45-->src\main\AndroidManifest.xml:25:17-69
45-->src\main\AndroidManifest.xml:25:25-66
46
47                <category android:name="android.intent.category.LAUNCHER" />
47-->src\main\AndroidManifest.xml:27:17-77
47-->src\main\AndroidManifest.xml:27:27-74
48            </intent-filter>
49        </activity>
50        <!-- Needs to be explicitly declared on P+ -->
51        <uses-library
51-->[com.google.android.gms:play-services-maps:18.1.0] AndroidManifest.xml:39:9-41:40
52            android:name="org.apache.http.legacy"
52-->[com.google.android.gms:play-services-maps:18.1.0] AndroidManifest.xml:40:13-50
53            android:required="false" />
53-->[com.google.android.gms:play-services-maps:18.1.0] AndroidManifest.xml:41:13-37
54
55        <activity
55-->[com.google.android.gms:play-services-base:18.1.0] AndroidManifest.xml:20:9-22:45
56            android:name="com.google.android.gms.common.api.GoogleApiActivity"
56-->[com.google.android.gms:play-services-base:18.1.0] AndroidManifest.xml:20:19-85
57            android:exported="false"
57-->[com.google.android.gms:play-services-base:18.1.0] AndroidManifest.xml:22:19-43
58            android:theme="@android:style/Theme.Translucent.NoTitleBar" />
58-->[com.google.android.gms:play-services-base:18.1.0] AndroidManifest.xml:21:19-78
59
60        <meta-data
60-->[com.google.android.gms:play-services-basement:18.1.0] AndroidManifest.xml:21:9-23:69
61            android:name="com.google.android.gms.version"
61-->[com.google.android.gms:play-services-basement:18.1.0] AndroidManifest.xml:22:13-58
62            android:value="@integer/google_play_services_version" />
62-->[com.google.android.gms:play-services-basement:18.1.0] AndroidManifest.xml:23:13-66
63
64        <uses-library
64-->[androidx.window:window:1.0.0] AndroidManifest.xml:25:9-27:40
65            android:name="androidx.window.extensions"
65-->[androidx.window:window:1.0.0] AndroidManifest.xml:26:13-54
66            android:required="false" />
66-->[androidx.window:window:1.0.0] AndroidManifest.xml:27:13-37
67        <uses-library
67-->[androidx.window:window:1.0.0] AndroidManifest.xml:28:9-30:40
68            android:name="androidx.window.sidecar"
68-->[androidx.window:window:1.0.0] AndroidManifest.xml:29:13-51
69            android:required="false" />
69-->[androidx.window:window:1.0.0] AndroidManifest.xml:30:13-37
70
71        <provider
71-->[androidx.emoji2:emoji2:1.2.0] AndroidManifest.xml:24:9-32:20
72            android:name="androidx.startup.InitializationProvider"
72-->[androidx.emoji2:emoji2:1.2.0] AndroidManifest.xml:25:13-67
73            android:authorities="com.example.mvvmexample.androidx-startup"
73-->[androidx.emoji2:emoji2:1.2.0] AndroidManifest.xml:26:13-68
74            android:exported="false" >
74-->[androidx.emoji2:emoji2:1.2.0] AndroidManifest.xml:27:13-37
75            <meta-data
75-->[androidx.emoji2:emoji2:1.2.0] AndroidManifest.xml:29:13-31:52
76                android:name="androidx.emoji2.text.EmojiCompatInitializer"
76-->[androidx.emoji2:emoji2:1.2.0] AndroidManifest.xml:30:17-75
77                android:value="androidx.startup" />
77-->[androidx.emoji2:emoji2:1.2.0] AndroidManifest.xml:31:17-49
78            <meta-data
78-->[androidx.lifecycle:lifecycle-process:2.4.1] AndroidManifest.xml:31:13-33:52
79                android:name="androidx.lifecycle.ProcessLifecycleInitializer"
79-->[androidx.lifecycle:lifecycle-process:2.4.1] AndroidManifest.xml:32:17-78
80                android:value="androidx.startup" />
80-->[androidx.lifecycle:lifecycle-process:2.4.1] AndroidManifest.xml:33:17-49
81        </provider>
82    </application>
83
84</manifest>